#
# A fatal error has been detected by the Java Runtime Environment:
#
#  Internal Error (generateOopMap.cpp:2164), pid=18244, tid=4184
#  fatal error: Illegal class file encountered. Try running with -Xverify:all in method roots
#
# JRE version: OpenJDK Runtime Environment (16.0.2+7) (build 16.0.2+7-67)
# Java VM: OpenJDK 64-Bit Server VM (16.0.2+7-67, mixed mode, sharing, tiered, compressed oops, compressed class ptrs, g1 gc, windows-amd64)
# No core dump will be written. Minidumps are not enabled by default on client versions of Windows
#
# If you would like to submit a bug report, please visit:
#   https://bugreport.java.com/bugreport/crash.jsp
#

---------------  S U M M A R Y ------------

Command Line: -agentlib:jdwp=transport=dt_socket,address=127.0.0.1:65324,suspend=y,server=n -javaagent:C:\Users\ikiddoi\AppData\Local\JetBrains\IntelliJIdea2021.2\captureAgent\debugger-agent.jar -Dfile.encoding=UTF-8 warmup.Quadratic

Host: Intel(R) Core(TM) i7-5500U CPU @ 2.40GHz, 4 cores, 7G,  Windows 10 , 64 bit Build 19041 (10.0.19041.1348)
Time: Tue Dec  7 11:58:06 2021 GMT Standard Time elapsed time: 612.472658 seconds (0d 0h 10m 12s)

---------------  T H R E A D  ---------------

Current thread (0x000001f636725900):  VMThread "VM Thread" [stack: 0x000000e8aee00000,0x000000e8aef00000] [id=4184]

Stack: [0x000000e8aee00000,0x000000e8aef00000]
Native frames: (J=compiled Java code, j=interpreted, Vv=VM code, C=native code)
V  [jvm.dll+0x6681ca]
V  [jvm.dll+0x7c9e69]
V  [jvm.dll+0x7cb61e]
V  [jvm.dll+0x7cbc27]
V  [jvm.dll+0x2429b3]
V  [jvm.dll+0x330cf9]
V  [jvm.dll+0x330719]
V  [jvm.dll+0x32df18]
V  [jvm.dll+0x32f72e]
V  [jvm.dll+0x32cdaf]
V  [jvm.dll+0x32c037]
V  [jvm.dll+0x656cce]
V  [jvm.dll+0x6569d3]
V  [jvm.dll+0x61c1e8]
V  [jvm.dll+0x7c18f5]
V  [jvm.dll+0x520446]
V  [jvm.dll+0x7d00ab]
V  [jvm.dll+0x7d0da4]
V  [jvm.dll+0x7d12a9]
V  [jvm.dll+0x7d1564]
V  [jvm.dll+0x7d1630]
V  [jvm.dll+0x7795aa]
V  [jvm.dll+0x667066]
C  [ucrtbase.dll+0x21bb2]
C  [KERNEL32.DLL+0x17034]
C  [ntdll.dll+0x52651]

VM_Operation (0x000000e8af9ff120): get/set locals, mode: safepoint, requested by thread 0x000001f637206900


---------------  P R O C E S S  ---------------

Threads class SMR info:
_java_thread_list=0x000001f6372741f0, length=15, elements={
0x000001f618febe30, 0x000001f63672c100, 0x000001f63672cfd0, 0x000001f636739e10,
0x000001f63673a920, 0x000001f63673d430, 0x000001f63673de30, 0x000001f63673ec10,
0x000001f63673f700, 0x000001f6367b8f50, 0x000001f637169450, 0x000001f637206900,
0x000001f6372142d0, 0x000001f637214810, 0x000001f63729cba0
}

Java Threads: ( => current thread )
  0x000001f618febe30 JavaThread "main" [_thread_blocked, id=3316, stack(0x000000e8ae700000,0x000000e8ae800000)]
  0x000001f63672c100 JavaThread "Reference Handler" daemon [_thread_blocked, id=11968, stack(0x000000e8aef00000,0x000000e8af000000)]
  0x000001f63672cfd0 JavaThread "Finalizer" daemon [_thread_blocked, id=15508, stack(0x000000e8af000000,0x000000e8af100000)]
  0x000001f636739e10 JavaThread "Signal Dispatcher" daemon [_thread_blocked, id=9276, stack(0x000000e8af100000,0x000000e8af200000)]
  0x000001f63673a920 JavaThread "Attach Listener" daemon [_thread_blocked, id=3320, stack(0x000000e8af200000,0x000000e8af300000)]
  0x000001f63673d430 JavaThread "Service Thread" daemon [_thread_blocked, id=16560, stack(0x000000e8af300000,0x000000e8af400000)]
  0x000001f63673de30 JavaThread "Monitor Deflation Thread" daemon [_thread_blocked, id=14960, stack(0x000000e8af400000,0x000000e8af500000)]
  0x000001f63673ec10 JavaThread "C2 CompilerThread0" daemon [_thread_blocked, id=13828, stack(0x000000e8af500000,0x000000e8af600000)]
  0x000001f63673f700 JavaThread "C1 CompilerThread0" daemon [_thread_blocked, id=13392, stack(0x000000e8af600000,0x000000e8af700000)]
  0x000001f6367b8f50 JavaThread "Sweeper thread" daemon [_thread_blocked, id=15176, stack(0x000000e8af700000,0x000000e8af800000)]
  0x000001f637169450 JavaThread "Common-Cleaner" daemon [_thread_blocked, id=14188, stack(0x000000e8af800000,0x000000e8af900000)]
  0x000001f637206900 JavaThread "JDWP Transport Listener: dt_socket" daemon [_thread_blocked, id=15320, stack(0x000000e8af900000,0x000000e8afa00000)] _threads_hazard_ptr=0x000001f6372741f0
  0x000001f6372142d0 JavaThread "JDWP Event Helper Thread" daemon [_thread_blocked, id=12312, stack(0x000000e8afa00000,0x000000e8afb00000)]
  0x000001f637214810 JavaThread "JDWP Command Reader" daemon [_thread_in_native, id=14660, stack(0x000000e8afb00000,0x000000e8afc00000)]
  0x000001f63729cba0 JavaThread "Notification Thread" daemon [_thread_blocked, id=4536, stack(0x000000e8afc00000,0x000000e8afd00000)]

Other Threads:
=>0x000001f636725900 VMThread "VM Thread" [stack: 0x000000e8aee00000,0x000000e8aef00000] [id=4184]
  0x000001f618fece30 WatcherThread [stack: 0x000000e8afd00000,0x000000e8afe00000] [id=18672]
  0x000001f61902bcb0 GCTaskThread "GC Thread#0" [stack: 0x000000e8ae900000,0x000000e8aea00000] [id=18528]
  0x000001f61903ca30 ConcurrentGCThread "G1 Main Marker" [stack: 0x000000e8aea00000,0x000000e8aeb00000] [id=13244]
  0x000001f61903e4b0 ConcurrentGCThread "G1 Conc#0" [stack: 0x000000e8aeb00000,0x000000e8aec00000] [id=11420]
  0x000001f6190b55a0 ConcurrentGCThread "G1 Refine#0" [stack: 0x000000e8aec00000,0x000000e8aed00000] [id=19228]
  0x000001f6190b6830 ConcurrentGCThread "G1 Service" [stack: 0x000000e8aed00000,0x000000e8aee00000] [id=14448]

Threads with active compile tasks:

VM state: at safepoint (normal execution)

VM Mutex/Monitor currently owned by a thread:  ([mutex/lock_event])
[0x000001f618fe90f0] Threads_lock - owner thread: 0x000001f636725900

Heap address: 0x0000000081600000, size: 2026 MB, Compressed Oops mode: 32-bit

CDS archive(s) mapped at: [0x0000000800000000-0x0000000800bb0000-0x0000000800bb0000), size 12255232, SharedBaseAddress: 0x0000000800000000, ArchiveRelocationMode: 0.
Compressed class space mapped at: 0x0000000800c00000-0x0000000840c00000, reserved size: 1073741824
Narrow klass base: 0x0000000800000000, Narrow klass shift: 3, Narrow klass range: 0x100000000

GC Precious Log:
 CPUs: 4 total, 4 available
 Memory: 8096M
 Large Page Support: Disabled
 NUMA Support: Disabled
 Compressed Oops: Enabled (32-bit)
 Heap Region Size: 1M
 Heap Min Capacity: 8M
 Heap Initial Capacity: 128M
 Heap Max Capacity: 2026M
 Pre-touch: Disabled
 Parallel Workers: 4
 Concurrent Workers: 1
 Concurrent Refinement Workers: 4
 Periodic GC: Disabled

Heap:
 garbage-first heap   total 131072K, used 2048K [0x0000000081600000, 0x0000000100000000)
  region size 1024K, 3 young (3072K), 0 survivors (0K)
 Metaspace       used 549K, committed 704K, reserved 1056768K
  class space    used 30K, committed 128K, reserved 1048576K

Heap Regions: E=young(eden), S=young(survivor), O=old, HS=humongous(starts), HC=humongous(continues), CS=collection set, F=free, OA=open archive, CA=closed archive, TAMS=top-at-mark-start (previous, next)
|   0|0x0000000081600000, 0x0000000081600000, 0x0000000081700000|  0%| F|  |TAMS 0x0000000081600000, 0x0000000081600000| Untracked 
|   1|0x0000000081700000, 0x0000000081700000, 0x0000000081800000|  0%| F|  |TAMS 0x0000000081700000, 0x0000000081700000| Untracked 
|   2|0x0000000081800000, 0x0000000081800000, 0x0000000081900000|  0%| F|  |TAMS 0x0000000081800000, 0x0000000081800000| Untracked 
|   3|0x0000000081900000, 0x0000000081900000, 0x0000000081a00000|  0%| F|  |TAMS 0x0000000081900000, 0x0000000081900000| Untracked 
|   4|0x0000000081a00000, 0x0000000081a00000, 0x0000000081b00000|  0%| F|  |TAMS 0x0000000081a00000, 0x0000000081a00000| Untracked 
|   5|0x0000000081b00000, 0x0000000081b00000, 0x0000000081c00000|  0%| F|  |TAMS 0x0000000081b00000, 0x0000000081b00000| Untracked 
|   6|0x0000000081c00000, 0x0000000081c00000, 0x0000000081d00000|  0%| F|  |TAMS 0x0000000081c00000, 0x0000000081c00000| Untracked 
|   7|0x0000000081d00000, 0x0000000081d00000, 0x0000000081e00000|  0%| F|  |TAMS 0x0000000081d00000, 0x0000000081d00000| Untracked 
|   8|0x0000000081e00000, 0x0000000081e00000, 0x0000000081f00000|  0%| F|  |TAMS 0x0000000081e00000, 0x0000000081e00000| Untracked 
|   9|0x0000000081f00000, 0x0000000081f00000, 0x0000000082000000|  0%| F|  |TAMS 0x0000000081f00000, 0x0000000081f00000| Untracked 
|  10|0x0000000082000000, 0x0000000082000000, 0x0000000082100000|  0%| F|  |TAMS 0x0000000082000000, 0x0000000082000000| Untracked 
|  11|0x0000000082100000, 0x0000000082100000, 0x0000000082200000|  0%| F|  |TAMS 0x0000000082100000, 0x0000000082100000| Untracked 
|  12|0x0000000082200000, 0x0000000082200000, 0x0000000082300000|  0%| F|  |TAMS 0x0000000082200000, 0x0000000082200000| Untracked 
|  13|0x0000000082300000, 0x0000000082300000, 0x0000000082400000|  0%| F|  |TAMS 0x0000000082300000, 0x0000000082300000| Untracked 
|  14|0x0000000082400000, 0x0000000082400000, 0x0000000082500000|  0%| F|  |TAMS 0x0000000082400000, 0x0000000082400000| Untracked 
|  15|0x0000000082500000, 0x0000000082500000, 0x0000000082600000|  0%| F|  |TAMS 0x0000000082500000, 0x0000000082500000| Untracked 
|  16|0x0000000082600000, 0x0000000082600000, 0x0000000082700000|  0%| F|  |TAMS 0x0000000082600000, 0x0000000082600000| Untracked 
|  17|0x0000000082700000, 0x0000000082700000, 0x0000000082800000|  0%| F|  |TAMS 0x0000000082700000, 0x0000000082700000| Untracked 
|  18|0x0000000082800000, 0x0000000082800000, 0x0000000082900000|  0%| F|  |TAMS 0x0000000082800000, 0x0000000082800000| Untracked 
|  19|0x0000000082900000, 0x0000000082900000, 0x0000000082a00000|  0%| F|  |TAMS 0x0000000082900000, 0x0000000082900000| Untracked 
|  20|0x0000000082a00000, 0x0000000082a00000, 0x0000000082b00000|  0%| F|  |TAMS 0x0000000082a00000, 0x0000000082a00000| Untracked 
|  21|0x0000000082b00000, 0x0000000082b00000, 0x0000000082c00000|  0%| F|  |TAMS 0x0000000082b00000, 0x0000000082b00000| Untracked 
|  22|0x0000000082c00000, 0x0000000082c00000, 0x0000000082d00000|  0%| F|  |TAMS 0x0000000082c00000, 0x0000000082c00000| Untracked 
|  23|0x0000000082d00000, 0x0000000082d00000, 0x0000000082e00000|  0%| F|  |TAMS 0x0000000082d00000, 0x0000000082d00000| Untracked 
|  24|0x0000000082e00000, 0x0000000082e00000, 0x0000000082f00000|  0%| F|  |TAMS 0x0000000082e00000, 0x0000000082e00000| Untracked 
|  25|0x0000000082f00000, 0x0000000082f00000, 0x0000000083000000|  0%| F|  |TAMS 0x0000000082f00000, 0x0000000082f00000| Untracked 
|  26|0x0000000083000000, 0x0000000083000000, 0x0000000083100000|  0%| F|  |TAMS 0x0000000083000000, 0x0000000083000000| Untracked 
|  27|0x0000000083100000, 0x0000000083100000, 0x0000000083200000|  0%| F|  |TAMS 0x0000000083100000, 0x0000000083100000| Untracked 
|  28|0x0000000083200000, 0x0000000083200000, 0x0000000083300000|  0%| F|  |TAMS 0x0000000083200000, 0x0000000083200000| Untracked 
|  29|0x0000000083300000, 0x0000000083300000, 0x0000000083400000|  0%| F|  |TAMS 0x0000000083300000, 0x0000000083300000| Untracked 
|  30|0x0000000083400000, 0x0000000083400000, 0x0000000083500000|  0%| F|  |TAMS 0x0000000083400000, 0x0000000083400000| Untracked 
|  31|0x0000000083500000, 0x0000000083500000, 0x0000000083600000|  0%| F|  |TAMS 0x0000000083500000, 0x0000000083500000| Untracked 
|  32|0x0000000083600000, 0x0000000083600000, 0x0000000083700000|  0%| F|  |TAMS 0x0000000083600000, 0x0000000083600000| Untracked 
|  33|0x0000000083700000, 0x0000000083700000, 0x0000000083800000|  0%| F|  |TAMS 0x0000000083700000, 0x0000000083700000| Untracked 
|  34|0x0000000083800000, 0x0000000083800000, 0x0000000083900000|  0%| F|  |TAMS 0x0000000083800000, 0x0000000083800000| Untracked 
|  35|0x0000000083900000, 0x0000000083900000, 0x0000000083a00000|  0%| F|  |TAMS 0x0000000083900000, 0x0000000083900000| Untracked 
|  36|0x0000000083a00000, 0x0000000083a00000, 0x0000000083b00000|  0%| F|  |TAMS 0x0000000083a00000, 0x0000000083a00000| Untracked 
|  37|0x0000000083b00000, 0x0000000083b00000, 0x0000000083c00000|  0%| F|  |TAMS 0x0000000083b00000, 0x0000000083b00000| Untracked 
|  38|0x0000000083c00000, 0x0000000083c00000, 0x0000000083d00000|  0%| F|  |TAMS 0x0000000083c00000, 0x0000000083c00000| Untracked 
|  39|0x0000000083d00000, 0x0000000083d00000, 0x0000000083e00000|  0%| F|  |TAMS 0x0000000083d00000, 0x0000000083d00000| Untracked 
|  40|0x0000000083e00000, 0x0000000083e00000, 0x0000000083f00000|  0%| F|  |TAMS 0x0000000083e00000, 0x0000000083e00000| Untracked 
|  41|0x0000000083f00000, 0x0000000083f00000, 0x0000000084000000|  0%| F|  |TAMS 0x0000000083f00000, 0x0000000083f00000| Untracked 
|  42|0x0000000084000000, 0x0000000084000000, 0x0000000084100000|  0%| F|  |TAMS 0x0000000084000000, 0x0000000084000000| Untracked 
|  43|0x0000000084100000, 0x0000000084100000, 0x0000000084200000|  0%| F|  |TAMS 0x0000000084100000, 0x0000000084100000| Untracked 
|  44|0x0000000084200000, 0x0000000084200000, 0x0000000084300000|  0%| F|  |TAMS 0x0000000084200000, 0x0000000084200000| Untracked 
|  45|0x0000000084300000, 0x0000000084300000, 0x0000000084400000|  0%| F|  |TAMS 0x0000000084300000, 0x0000000084300000| Untracked 
|  46|0x0000000084400000, 0x0000000084400000, 0x0000000084500000|  0%| F|  |TAMS 0x0000000084400000, 0x0000000084400000| Untracked 
|  47|0x0000000084500000, 0x0000000084500000, 0x0000000084600000|  0%| F|  |TAMS 0x0000000084500000, 0x0000000084500000| Untracked 
|  48|0x0000000084600000, 0x0000000084600000, 0x0000000084700000|  0%| F|  |TAMS 0x0000000084600000, 0x0000000084600000| Untracked 
|  49|0x0000000084700000, 0x0000000084700000, 0x0000000084800000|  0%| F|  |TAMS 0x0000000084700000, 0x0000000084700000| Untracked 
|  50|0x0000000084800000, 0x0000000084800000, 0x0000000084900000|  0%| F|  |TAMS 0x0000000084800000, 0x0000000084800000| Untracked 
|  51|0x0000000084900000, 0x0000000084900000, 0x0000000084a00000|  0%| F|  |TAMS 0x0000000084900000, 0x0000000084900000| Untracked 
|  52|0x0000000084a00000, 0x0000000084a00000, 0x0000000084b00000|  0%| F|  |TAMS 0x0000000084a00000, 0x0000000084a00000| Untracked 
|  53|0x0000000084b00000, 0x0000000084b00000, 0x0000000084c00000|  0%| F|  |TAMS 0x0000000084b00000, 0x0000000084b00000| Untracked 
|  54|0x0000000084c00000, 0x0000000084c00000, 0x0000000084d00000|  0%| F|  |TAMS 0x0000000084c00000, 0x0000000084c00000| Untracked 
|  55|0x0000000084d00000, 0x0000000084d00000, 0x0000000084e00000|  0%| F|  |TAMS 0x0000000084d00000, 0x0000000084d00000| Untracked 
|  56|0x0000000084e00000, 0x0000000084e00000, 0x0000000084f00000|  0%| F|  |TAMS 0x0000000084e00000, 0x0000000084e00000| Untracked 
|  57|0x0000000084f00000, 0x0000000084f00000, 0x0000000085000000|  0%| F|  |TAMS 0x0000000084f00000, 0x0000000084f00000| Untracked 
|  58|0x0000000085000000, 0x0000000085000000, 0x0000000085100000|  0%| F|  |TAMS 0x0000000085000000, 0x0000000085000000| Untracked 
|  59|0x0000000085100000, 0x0000000085100000, 0x0000000085200000|  0%| F|  |TAMS 0x0000000085100000, 0x0000000085100000| Untracked 
|  60|0x0000000085200000, 0x0000000085200000, 0x0000000085300000|  0%| F|  |TAMS 0x0000000085200000, 0x0000000085200000| Untracked 
|  61|0x0000000085300000, 0x0000000085300000, 0x0000000085400000|  0%| F|  |TAMS 0x0000000085300000, 0x0000000085300000| Untracked 
|  62|0x0000000085400000, 0x0000000085400000, 0x0000000085500000|  0%| F|  |TAMS 0x0000000085400000, 0x0000000085400000| Untracked 
|  63|0x0000000085500000, 0x0000000085500000, 0x0000000085600000|  0%| F|  |TAMS 0x0000000085500000, 0x0000000085500000| Untracked 
|  64|0x0000000085600000, 0x0000000085600000, 0x0000000085700000|  0%| F|  |TAMS 0x0000000085600000, 0x0000000085600000| Untracked 
|  65|0x0000000085700000, 0x0000000085700000, 0x0000000085800000|  0%| F|  |TAMS 0x0000000085700000, 0x0000000085700000| Untracked 
|  66|0x0000000085800000, 0x0000000085800000, 0x0000000085900000|  0%| F|  |TAMS 0x0000000085800000, 0x0000000085800000| Untracked 
|  67|0x0000000085900000, 0x0000000085900000, 0x0000000085a00000|  0%| F|  |TAMS 0x0000000085900000, 0x0000000085900000| Untracked 
|  68|0x0000000085a00000, 0x0000000085a00000, 0x0000000085b00000|  0%| F|  |TAMS 0x0000000085a00000, 0x0000000085a00000| Untracked 
|  69|0x0000000085b00000, 0x0000000085b00000, 0x0000000085c00000|  0%| F|  |TAMS 0x0000000085b00000, 0x0000000085b00000| Untracked 
|  70|0x0000000085c00000, 0x0000000085c00000, 0x0000000085d00000|  0%| F|  |TAMS 0x0000000085c00000, 0x0000000085c00000| Untracked 
|  71|0x0000000085d00000, 0x0000000085d00000, 0x0000000085e00000|  0%| F|  |TAMS 0x0000000085d00000, 0x0000000085d00000| Untracked 
|  72|0x0000000085e00000, 0x0000000085e00000, 0x0000000085f00000|  0%| F|  |TAMS 0x0000000085e00000, 0x0000000085e00000| Untracked 
|  73|0x0000000085f00000, 0x0000000085f00000, 0x0000000086000000|  0%| F|  |TAMS 0x0000000085f00000, 0x0000000085f00000| Untracked 
|  74|0x0000000086000000, 0x0000000086000000, 0x0000000086100000|  0%| F|  |TAMS 0x0000000086000000, 0x0000000086000000| Untracked 
|  75|0x0000000086100000, 0x0000000086100000, 0x0000000086200000|  0%| F|  |TAMS 0x0000000086100000, 0x0000000086100000| Untracked 
|  76|0x0000000086200000, 0x0000000086200000, 0x0000000086300000|  0%| F|  |TAMS 0x0000000086200000, 0x0000000086200000| Untracked 
|  77|0x0000000086300000, 0x0000000086300000, 0x0000000086400000|  0%| F|  |TAMS 0x0000000086300000, 0x0000000086300000| Untracked 
|  78|0x0000000086400000, 0x0000000086400000, 0x0000000086500000|  0%| F|  |TAMS 0x0000000086400000, 0x0000000086400000| Untracked 
|  79|0x0000000086500000, 0x0000000086500000, 0x0000000086600000|  0%| F|  |TAMS 0x0000000086500000, 0x0000000086500000| Untracked 
|  80|0x0000000086600000, 0x0000000086600000, 0x0000000086700000|  0%| F|  |TAMS 0x0000000086600000, 0x0000000086600000| Untracked 
|  81|0x0000000086700000, 0x0000000086700000, 0x0000000086800000|  0%| F|  |TAMS 0x0000000086700000, 0x0000000086700000| Untracked 
|  82|0x0000000086800000, 0x0000000086800000, 0x0000000086900000|  0%| F|  |TAMS 0x0000000086800000, 0x0000000086800000| Untracked 
|  83|0x0000000086900000, 0x0000000086900000, 0x0000000086a00000|  0%| F|  |TAMS 0x0000000086900000, 0x0000000086900000| Untracked 
|  84|0x0000000086a00000, 0x0000000086a00000, 0x0000000086b00000|  0%| F|  |TAMS 0x0000000086a00000, 0x0000000086a00000| Untracked 
|  85|0x0000000086b00000, 0x0000000086b00000, 0x0000000086c00000|  0%| F|  |TAMS 0x0000000086b00000, 0x0000000086b00000| Untracked 
|  86|0x0000000086c00000, 0x0000000086c00000, 0x0000000086d00000|  0%| F|  |TAMS 0x0000000086c00000, 0x0000000086c00000| Untracked 
|  87|0x0000000086d00000, 0x0000000086d00000, 0x0000000086e00000|  0%| F|  |TAMS 0x0000000086d00000, 0x0000000086d00000| Untracked 
|  88|0x0000000086e00000, 0x0000000086e00000, 0x0000000086f00000|  0%| F|  |TAMS 0x0000000086e00000, 0x0000000086e00000| Untracked 
|  89|0x0000000086f00000, 0x0000000086f00000, 0x0000000087000000|  0%| F|  |TAMS 0x0000000086f00000, 0x0000000086f00000| Untracked 
|  90|0x0000000087000000, 0x0000000087000000, 0x0000000087100000|  0%| F|  |TAMS 0x0000000087000000, 0x0000000087000000| Untracked 
|  91|0x0000000087100000, 0x0000000087100000, 0x0000000087200000|  0%| F|  |TAMS 0x0000000087100000, 0x0000000087100000| Untracked 
|  92|0x0000000087200000, 0x0000000087200000, 0x0000000087300000|  0%| F|  |TAMS 0x0000000087200000, 0x0000000087200000| Untracked 
|  93|0x0000000087300000, 0x0000000087300000, 0x0000000087400000|  0%| F|  |TAMS 0x0000000087300000, 0x0000000087300000| Untracked 
|  94|0x0000000087400000, 0x0000000087400000, 0x0000000087500000|  0%| F|  |TAMS 0x0000000087400000, 0x0000000087400000| Untracked 
|  95|0x0000000087500000, 0x0000000087500000, 0x0000000087600000|  0%| F|  |TAMS 0x0000000087500000, 0x0000000087500000| Untracked 
|  96|0x0000000087600000, 0x0000000087600000, 0x0000000087700000|  0%| F|  |TAMS 0x0000000087600000, 0x0000000087600000| Untracked 
|  97|0x0000000087700000, 0x0000000087700000, 0x0000000087800000|  0%| F|  |TAMS 0x0000000087700000, 0x0000000087700000| Untracked 
|  98|0x0000000087800000, 0x0000000087800000, 0x0000000087900000|  0%| F|  |TAMS 0x0000000087800000, 0x0000000087800000| Untracked 
|  99|0x0000000087900000, 0x0000000087900000, 0x0000000087a00000|  0%| F|  |TAMS 0x0000000087900000, 0x0000000087900000| Untracked 
| 100|0x0000000087a00000, 0x0000000087a00000, 0x0000000087b00000|  0%| F|  |TAMS 0x0000000087a00000, 0x0000000087a00000| Untracked 
| 101|0x0000000087b00000, 0x0000000087b00000, 0x0000000087c00000|  0%| F|  |TAMS 0x0000000087b00000, 0x0000000087b00000| Untracked 
| 102|0x0000000087c00000, 0x0000000087c00000, 0x0000000087d00000|  0%| F|  |TAMS 0x0000000087c00000, 0x0000000087c00000| Untracked 
| 103|0x0000000087d00000, 0x0000000087d00000, 0x0000000087e00000|  0%| F|  |TAMS 0x0000000087d00000, 0x0000000087d00000| Untracked 
| 104|0x0000000087e00000, 0x0000000087e00000, 0x0000000087f00000|  0%| F|  |TAMS 0x0000000087e00000, 0x0000000087e00000| Untracked 
| 105|0x0000000087f00000, 0x0000000087f00000, 0x0000000088000000|  0%| F|  |TAMS 0x0000000087f00000, 0x0000000087f00000| Untracked 
| 106|0x0000000088000000, 0x0000000088000000, 0x0000000088100000|  0%| F|  |TAMS 0x0000000088000000, 0x0000000088000000| Untracked 
| 107|0x0000000088100000, 0x0000000088100000, 0x0000000088200000|  0%| F|  |TAMS 0x0000000088100000, 0x0000000088100000| Untracked 
| 108|0x0000000088200000, 0x0000000088200000, 0x0000000088300000|  0%| F|  |TAMS 0x0000000088200000, 0x0000000088200000| Untracked 
| 109|0x0000000088300000, 0x0000000088300000, 0x0000000088400000|  0%| F|  |TAMS 0x0000000088300000, 0x0000000088300000| Untracked 
| 110|0x0000000088400000, 0x0000000088400000, 0x0000000088500000|  0%| F|  |TAMS 0x0000000088400000, 0x0000000088400000| Untracked 
| 111|0x0000000088500000, 0x0000000088500000, 0x0000000088600000|  0%| F|  |TAMS 0x0000000088500000, 0x0000000088500000| Untracked 
| 112|0x0000000088600000, 0x0000000088600000, 0x0000000088700000|  0%| F|  |TAMS 0x0000000088600000, 0x0000000088600000| Untracked 
| 113|0x0000000088700000, 0x0000000088700000, 0x0000000088800000|  0%| F|  |TAMS 0x0000000088700000, 0x0000000088700000| Untracked 
| 114|0x0000000088800000, 0x0000000088800000, 0x0000000088900000|  0%| F|  |TAMS 0x0000000088800000, 0x0000000088800000| Untracked 
| 115|0x0000000088900000, 0x0000000088900000, 0x0000000088a00000|  0%| F|  |TAMS 0x0000000088900000, 0x0000000088900000| Untracked 
| 116|0x0000000088a00000, 0x0000000088a00000, 0x0000000088b00000|  0%| F|  |TAMS 0x0000000088a00000, 0x0000000088a00000| Untracked 
| 117|0x0000000088b00000, 0x0000000088b00000, 0x0000000088c00000|  0%| F|  |TAMS 0x0000000088b00000, 0x0000000088b00000| Untracked 
| 118|0x0000000088c00000, 0x0000000088c00000, 0x0000000088d00000|  0%| F|  |TAMS 0x0000000088c00000, 0x0000000088c00000| Untracked 
| 119|0x0000000088d00000, 0x0000000088d00000, 0x0000000088e00000|  0%| F|  |TAMS 0x0000000088d00000, 0x0000000088d00000| Untracked 
| 120|0x0000000088e00000, 0x0000000088e00000, 0x0000000088f00000|  0%| F|  |TAMS 0x0000000088e00000, 0x0000000088e00000| Untracked 
| 121|0x0000000088f00000, 0x0000000088f00000, 0x0000000089000000|  0%| F|  |TAMS 0x0000000088f00000, 0x0000000088f00000| Untracked 
| 122|0x0000000089000000, 0x0000000089000000, 0x0000000089100000|  0%| F|  |TAMS 0x0000000089000000, 0x0000000089000000| Untracked 
| 123|0x0000000089100000, 0x0000000089100000, 0x0000000089200000|  0%| F|  |TAMS 0x0000000089100000, 0x0000000089100000| Untracked 
| 124|0x0000000089200000, 0x0000000089200000, 0x0000000089300000|  0%| F|  |TAMS 0x0000000089200000, 0x0000000089200000| Untracked 
| 125|0x0000000089300000, 0x000000008938aca8, 0x0000000089400000| 54%| E|  |TAMS 0x0000000089300000, 0x0000000089300000| Complete 
| 126|0x0000000089400000, 0x0000000089500000, 0x0000000089500000|100%| E|CS|TAMS 0x0000000089400000, 0x0000000089400000| Complete 
| 127|0x0000000089500000, 0x0000000089600000, 0x0000000089600000|100%| E|CS|TAMS 0x0000000089500000, 0x0000000089500000| Complete 

Card table byte_map: [0x000001f62fb60000,0x000001f62ff60000] _byte_map_base: 0x000001f62f755000

Marking Bits (Prev, Next): (CMBitMap*) 0x000001f61902c320, (CMBitMap*) 0x000001f61902c360
 Prev Bits: [0x000001f630360000, 0x000001f632308000)
 Next Bits: [0x000001f632310000, 0x000001f6342b8000)

Polling page: 0x000001f6187d0000

Metaspace:

Usage:
  Non-class:    518.55 KB used.
      Class:     30.56 KB used.
       Both:    549.12 KB used.

Virtual space:
  Non-class space:        8.00 MB reserved,     576.00 KB (  7%) committed,  1 nodes.
      Class space:        1.00 GB reserved,     128.00 KB ( <1%) committed,  1 nodes.
              Both:        1.01 GB reserved,     704.00 KB ( <1%) committed. 

Chunk freelists:
   Non-Class:  3.91 MB
       Class:  3.74 MB
        Both:  7.64 MB

MaxMetaspaceSize: 17179869184.00 GB
CompressedClassSpaceSize: 1.00 GB
 - commit_granule_bytes: 65536.
 - commit_granule_words: 8192.
 - virtual_space_node_default_size: 1048576.
 - enlarge_chunks_in_place: 1.
 - new_chunks_are_fully_committed: 0.
 - uncommit_free_chunks: 1.
 - use_allocation_guard: 0.
 - handle_deallocations: 1.


Internal statistics:

num_allocs_failed_limit: 0.
num_arena_births: 6.
num_arena_deaths: 0.
num_vsnodes_births: 2.
num_vsnodes_deaths: 0.
num_space_committed: 11.
num_space_uncommitted: 0.
num_chunks_returned_to_freelist: 0.
num_chunks_taken_from_freelist: 14.
num_chunk_merges: 0.
num_chunk_splits: 7.
num_chunks_enlarged: 5.
num_purges: 0.

CodeHeap 'non-profiled nmethods': size=120000Kb used=61Kb max_used=61Kb free=119938Kb
 bounds [0x000001f628230000, 0x000001f6284a0000, 0x000001f62f760000]
CodeHeap 'profiled nmethods': size=120000Kb used=256Kb max_used=256Kb free=119743Kb
 bounds [0x000001f620d00000, 0x000001f620f70000, 0x000001f628230000]
CodeHeap 'non-nmethods': size=5760Kb used=1181Kb max_used=1196Kb free=4578Kb
 bounds [0x000001f620760000, 0x000001f6209d0000, 0x000001f620d00000]
 total_blobs=594 nmethods=212 adapters=295
 compilation: enabled
              stopped_count=0, restarted_count=0
 full_count=0

Compilation events (20 events):
Event: 0.519 Thread 0x000001f63673f700  202       3       java.lang.Class::getName (18 bytes)
Event: 0.519 Thread 0x000001f63673f700 nmethod 202 0x000001f620d3d090 code [0x000001f620d3d240, 0x000001f620d3d3e8]
Event: 0.519 Thread 0x000001f63673f700  204       3       jdk.internal.misc.Unsafe::allocateUninitializedArray (55 bytes)
Event: 0.519 Thread 0x000001f63673f700 nmethod 204 0x000001f620d3d490 code [0x000001f620d3d6a0, 0x000001f620d3db78]
Event: 0.519 Thread 0x000001f63673f700  203       3       java.lang.StringConcatHelper::newArray (26 bytes)
Event: 0.520 Thread 0x000001f63673ec10  208       4       java.lang.String::isLatin1 (19 bytes)
Event: 0.520 Thread 0x000001f63673f700 nmethod 203 0x000001f620d3dd90 code [0x000001f620d3df40, 0x000001f620d3e1a8]
Event: 0.520 Thread 0x000001f63673f700  205       3       java.lang.String::replace (42 bytes)
Event: 0.520 Thread 0x000001f63673ec10 nmethod 208 0x000001f62823e390 code [0x000001f62823e500, 0x000001f62823e598]
Event: 0.520 Thread 0x000001f63673f700 nmethod 205 0x000001f620d3e290 code [0x000001f620d3e460, 0x000001f620d3e7b8]
Event: 0.520 Thread 0x000001f63673f700  207       3       org.jetbrains.capture.org.objectweb.asm.Type::getInternalName (12 bytes)
Event: 0.521 Thread 0x000001f63673f700 nmethod 207 0x000001f620d3e890 code [0x000001f620d3ea60, 0x000001f620d3ec98]
Event: 0.523 Thread 0x000001f63673ec10  209       4       java.lang.StringLatin1::replace (198 bytes)
Event: 0.528 Thread 0x000001f63673f700  211       3       java.lang.AbstractStringBuilder::newCapacity (59 bytes)
Event: 0.528 Thread 0x000001f63673f700 nmethod 211 0x000001f620d3ee10 code [0x000001f620d3f000, 0x000001f620d3f5b8]
Event: 0.540 Thread 0x000001f63673ec10 nmethod 209 0x000001f62823e690 code [0x000001f62823e840, 0x000001f62823ed88]
Event: 0.540 Thread 0x000001f63673ec10  210       4       java.lang.String::charAt (25 bytes)
Event: 0.541 Thread 0x000001f63673ec10 nmethod 210 0x000001f62823f090 code [0x000001f62823f220, 0x000001f62823f398]
Event: 0.546 Thread 0x000001f63673f700  212       3       java.lang.String::charAt (25 bytes)
Event: 0.547 Thread 0x000001f63673f700 nmethod 212 0x000001f620d3f810 code [0x000001f620d3fa20, 0x000001f620d3ff78]

GC Heap History (0 events):
No events

Deoptimization events (4 events):
Event: 0.544 Thread 0x000001f618febe30 Uncommon trap: trap_request=0xffffff45 fr.pc=0x000001f62823f300 relative=0x00000000000000e0
Event: 0.545 Thread 0x000001f618febe30 Uncommon trap: reason=unstable_if action=reinterpret pc=0x000001f62823f300 method=java.lang.String.charAt(I)C @ 4 c2
Event: 0.545 Thread 0x000001f618febe30 DEOPT PACKING pc=0x000001f62823f300 sp=0x000000e8ae7ff190
Event: 0.545 Thread 0x000001f618febe30 DEOPT UNPACKING pc=0x000001f6207ad72e sp=0x000000e8ae7ff140 mode 2

Classes unloaded (0 events):
No events

Classes redefined (2 events):
Event: 510.363 Thread 0x000001f636725900 redefined class name=warmup.Quadratic, count=1
Event: 612.326 Thread 0x000001f636725900 redefined class name=warmup.Quadratic, count=2

Internal exceptions (0 events):
No events

Events (20 events):
Event: 609.327 Executing  VM operation: ChangeBreakpoints done
Event: 612.324 Executing  VM operation: ChangeBreakpoints
Event: 612.324 Executing  VM operation: ChangeBreakpoints done
Event: 612.324 Executing  VM operation: ChangeBreakpoints
Event: 612.324 Executing  VM operation: ChangeBreakpoints done
Event: 612.324 Executing  VM operation: ChangeBreakpoints
Event: 612.324 Executing  VM operation: ChangeBreakpoints done
Event: 612.324 Executing  VM operation: ChangeBreakpoints
Event: 612.324 Executing  VM operation: ChangeBreakpoints done
Event: 612.326 Executing  VM operation: RedefineClasses
Event: 612.327 Executing  VM operation: RedefineClasses done
Event: 612.396 Executing  VM operation: ChangeBreakpoints
Event: 612.396 Executing  VM operation: ChangeBreakpoints done
Event: 612.400 Executing  VM operation: ChangeBreakpoints
Event: 612.401 Executing  VM operation: ChangeBreakpoints done
Event: 612.451 Executing  VM operation: ChangeBreakpoints
Event: 612.451 Executing  VM operation: ChangeBreakpoints done
Event: 612.453 Executing  VM operation: ChangeBreakpoints
Event: 612.453 Executing  VM operation: ChangeBreakpoints done
Event: 612.470 Executing  VM operation: get/set locals


Dynamic libraries:
0x00007ff732620000 - 0x00007ff73262e000 	C:\Users\ikiddoi\.jdks\openjdk-16.0.2\bin\java.exe
0x00007ff909b50000 - 0x00007ff909d45000 	C:\Windows\SYSTEM32\ntdll.dll
0x00007ff9084a0000 - 0x00007ff90855e000 	C:\Windows\System32\KERNEL32.DLL
0x00007ff9078a0000 - 0x00007ff907b68000 	C:\Windows\System32\KERNELBASE.dll
0x00007ff907310000 - 0x00007ff907410000 	C:\Windows\System32\ucrtbase.dll
0x00007ff904310000 - 0x00007ff904328000 	C:\Users\ikiddoi\.jdks\openjdk-16.0.2\bin\jli.dll
0x00007ff908e40000 - 0x00007ff908fe1000 	C:\Windows\System32\USER32.dll
0x00007ff9075d0000 - 0x00007ff9075f2000 	C:\Windows\System32\win32u.dll
0x00007ff908690000 - 0x00007ff9086bb000 	C:\Windows\System32\GDI32.dll
0x00007ff907690000 - 0x00007ff90779b000 	C:\Windows\System32\gdi32full.dll
0x00007ff907270000 - 0x00007ff90730d000 	C:\Windows\System32\msvcp_win.dll
0x00007ff900970000 - 0x00007ff900989000 	C:\Users\ikiddoi\.jdks\openjdk-16.0.2\bin\VCRUNTIME140.dll
0x00007ff8f93e0000 - 0x00007ff8f967a000 	C:\Windows\WinSxS\amd64_microsoft.windows.common-controls_6595b64144ccf1df_6.0.19041.1110_none_60b5254171f9507e\COMCTL32.dll
0x00007ff909970000 - 0x00007ff909a0e000 	C:\Windows\System32\msvcrt.dll
0x00007ff908910000 - 0x00007ff908940000 	C:\Windows\System32\IMM32.DLL
0x00007ff904300000 - 0x00007ff90430c000 	C:\Users\ikiddoi\.jdks\openjdk-16.0.2\bin\vcruntime140_1.dll
0x00007ff8e1af0000 - 0x00007ff8e1b81000 	C:\Users\ikiddoi\.jdks\openjdk-16.0.2\bin\msvcp140.dll
0x00007ff8c8100000 - 0x00007ff8c8cab000 	C:\Users\ikiddoi\.jdks\openjdk-16.0.2\bin\server\jvm.dll
0x00007ff908ff0000 - 0x00007ff90909c000 	C:\Windows\System32\ADVAPI32.dll
0x00007ff909a10000 - 0x00007ff909aab000 	C:\Windows\System32\sechost.dll
0x00007ff908560000 - 0x00007ff90868a000 	C:\Windows\System32\RPCRT4.dll
0x00007ff908490000 - 0x00007ff908498000 	C:\Windows\System32\PSAPI.DLL
0x00007ff8fa7d0000 - 0x00007ff8fa7d9000 	C:\Windows\SYSTEM32\WSOCK32.dll
0x00007ff908dc0000 - 0x00007ff908e2b000 	C:\Windows\System32\WS2_32.dll
0x00007ff8fae50000 - 0x00007ff8fae77000 	C:\Windows\SYSTEM32\WINMM.dll
0x00007ff8fd250000 - 0x00007ff8fd25a000 	C:\Windows\SYSTEM32\VERSION.dll
0x00007ff905b00000 - 0x00007ff905b12000 	C:\Windows\SYSTEM32\kernel.appcore.dll
0x00007ff9042e0000 - 0x00007ff9042ea000 	C:\Users\ikiddoi\.jdks\openjdk-16.0.2\bin\jimage.dll
0x00007ff905880000 - 0x00007ff905a64000 	C:\Windows\SYSTEM32\DBGHELP.DLL
0x00007ff8fa5e0000 - 0x00007ff8fa60c000 	C:\Windows\SYSTEM32\dbgcore.DLL
0x00007ff907600000 - 0x00007ff907683000 	C:\Windows\System32\bcryptPrimitives.dll
0x00007ff8f9c20000 - 0x00007ff8f9c5b000 	C:\Users\ikiddoi\.jdks\openjdk-16.0.2\bin\jdwp.dll
0x00007ff902640000 - 0x00007ff90264e000 	C:\Users\ikiddoi\.jdks\openjdk-16.0.2\bin\instrument.dll
0x00007ff8fa4d0000 - 0x00007ff8fa4f5000 	C:\Users\ikiddoi\.jdks\openjdk-16.0.2\bin\java.dll
0x00007ff909230000 - 0x00007ff90996f000 	C:\Windows\System32\SHELL32.dll
0x00007ff9050f0000 - 0x00007ff905880000 	C:\Windows\SYSTEM32\windows.storage.dll
0x00007ff908940000 - 0x00007ff908c95000 	C:\Windows\System32\combase.dll
0x00007ff906bf0000 - 0x00007ff906c1e000 	C:\Windows\SYSTEM32\Wldp.dll
0x00007ff907f00000 - 0x00007ff907fad000 	C:\Windows\System32\SHCORE.dll
0x00007ff908430000 - 0x00007ff908485000 	C:\Windows\System32\shlwapi.dll
0x00007ff9071b0000 - 0x00007ff9071cf000 	C:\Windows\SYSTEM32\profapi.dll
0x00007ff901ef0000 - 0x00007ff901efc000 	C:\Users\ikiddoi\.jdks\openjdk-16.0.2\bin\dt_socket.dll
0x00007ff906610000 - 0x00007ff90664b000 	C:\Windows\SYSTEM32\IPHLPAPI.DLL
0x00007ff906930000 - 0x00007ff90699a000 	C:\Windows\system32\mswsock.dll
0x00007ff8ee780000 - 0x00007ff8ee798000 	C:\Users\ikiddoi\.jdks\openjdk-16.0.2\bin\zip.dll
0x00007ff8fa630000 - 0x00007ff8fa649000 	C:\Users\ikiddoi\.jdks\openjdk-16.0.2\bin\net.dll
0x00007ff8fcc60000 - 0x00007ff8fcd6c000 	C:\Windows\SYSTEM32\WINHTTP.dll
0x00007ff8f9890000 - 0x00007ff8f98a3000 	C:\Users\ikiddoi\.jdks\openjdk-16.0.2\bin\nio.dll
0x00007ff8f9880000 - 0x00007ff8f9890000 	C:\Users\ikiddoi\.jdks\openjdk-16.0.2\bin\verify.dll

dbghelp: loaded successfully - version: 4.0.5 - missing functions: none
symbol engine: initialized successfully - sym options: 0x614 - pdb path: .;C:\Users\ikiddoi\.jdks\openjdk-16.0.2\bin;C:\Windows\SYSTEM32;C:\Windows\WinSxS\amd64_microsoft.windows.common-controls_6595b64144ccf1df_6.0.19041.1110_none_60b5254171f9507e;C:\Users\ikiddoi\.jdks\openjdk-16.0.2\bin\server

VM Arguments:
jvm_args: -agentlib:jdwp=transport=dt_socket,address=127.0.0.1:65324,suspend=y,server=n -javaagent:C:\Users\ikiddoi\AppData\Local\JetBrains\IntelliJIdea2021.2\captureAgent\debugger-agent.jar -Dfile.encoding=UTF-8 
java_command: warmup.Quadratic
java_class_path (initial): C:\Users\ikiddoi\IdeaProjects\softwareconstruction6005\ps1\classes\production\ps1;C:\Program Files\JetBrains\IntelliJ IDEA 2021.2.1\lib\idea_rt.jar
Launcher Type: SUN_STANDARD

[Global flags]
     intx CICompilerCount                          = 3                                         {product} {ergonomic}
     uint ConcGCThreads                            = 1                                         {product} {ergonomic}
     uint G1ConcRefinementThreads                  = 4                                         {product} {ergonomic}
   size_t G1HeapRegionSize                         = 1048576                                   {product} {ergonomic}
    uintx GCDrainStackTargetSize                   = 64                                        {product} {ergonomic}
   size_t InitialHeapSize                          = 134217728                                 {product} {ergonomic}
   size_t MarkStackSize                            = 4194304                                   {product} {ergonomic}
   size_t MaxHeapSize                              = 2124414976                                {product} {ergonomic}
   size_t MaxNewSize                               = 1274019840                                {product} {ergonomic}
   size_t MinHeapDeltaBytes                        = 1048576                                   {product} {ergonomic}
   size_t MinHeapSize                              = 8388608                                   {product} {ergonomic}
    uintx NonNMethodCodeHeapSize                   = 5832780                                {pd product} {ergonomic}
    uintx NonProfiledCodeHeapSize                  = 122912730                              {pd product} {ergonomic}
    uintx ProfiledCodeHeapSize                     = 122912730                              {pd product} {ergonomic}
    uintx ReservedCodeCacheSize                    = 251658240                              {pd product} {ergonomic}
     bool SegmentedCodeCache                       = true                                      {product} {ergonomic}
   size_t SoftMaxHeapSize                          = 2124414976                             {manageable} {ergonomic}
     bool UseCompressedClassPointers               = true                           {product lp64_product} {ergonomic}
     bool UseCompressedOops                        = true                           {product lp64_product} {ergonomic}
     bool UseG1GC                                  = true                                      {product} {ergonomic}
     bool UseLargePagesIndividualAllocation        = false                                  {pd product} {ergonomic}

Logging:
Log output configuration:
 #0: stdout all=warning uptime,level,tags
 #1: stderr all=off uptime,level,tags

Environment Variables:
JAVA_HOME=C:\Program Files\Amazon Corretto\jdk11.0.12_7
PATH=C:\Program Files\Docker\Docker\resources\bin;C:\Program Files\apache-maven2\apache-maven-3.8.3\bin;C:\Program Files (x86)\VMware\VMware Player\bin\;C:\Program Files\Amazon Corretto\jdk11.0.12_7\bin;C:\Windows\system32;C:\Windows;C:\Windows\System32\Wbem;C:\Windows\System32\WindowsPowerShell\v1.0\;C:\Windows\System32\OpenSSH\;C:\Program Files\PuTTY\;C:\Program Files\Microsoft VS Code\bin;C:\Program Files\Git\cmd;C:\Program Files\nodejs\;C:\Program Files\MySQL\MySQL Shell 8.0\bin\;C:\Users\ikiddoi\AppData\Local\Programs\Python\Python39\Scripts\;C:\Users\ikiddoi\AppData\Local\Programs\Python\Python39\;C:\Users\ikiddoi\AppData\Local\Microsoft\WindowsApps;;C:\Program Files\JetBrains\IntelliJ IDEA 2021.2.1\bin;;C:\Program Files\JetBrains\PyCharm 2021.2\bin;;C:\Users\ikiddoi\AppData\Roaming\npm
USERNAME=ikiddoi
OS=Windows_NT
PROCESSOR_IDENTIFIER=Intel64 Family 6 Model 61 Stepping 4, GenuineIntel



---------------  S Y S T E M  ---------------

OS:
 Windows 10 , 64 bit Build 19041 (10.0.19041.1348)
OS uptime: 6 days 0:44 hours
Hyper-V role detected

CPU: total 4 (initial active 4) (2 cores per cpu, 2 threads per core) family 6 model 61 stepping 4 microcode 0x2d, cx8, cmov, fxsr, ht, mmx, 3dnowpref, sse, sse2, sse3, ssse3, sse4.1, sse4.2, popcnt, lzcnt, tsc, tscinvbit, avx, avx2, aes, erms, clmul, bmi1, bmi2, adx, fma, vzeroupper, clflush, hv

Memory: 4k page, system-wide physical 8096M (1257M free)
TotalPageFile size 18259M (AvailPageFile size 3412M)
current process WorkingSet (physical memory assigned to process): 32M, peak: 32M
current process commit charge ("private bytes"): 202M, peak: 202M

vm_info: OpenJDK 64-Bit Server VM (16.0.2+7-67) for windows-amd64 JRE (16.0.2+7-67), built on Jun  8 2021 23:21:43 by "mach5one" with MS VC++ 16.7 (VS2019)

END.
